Build started 5/30/2011 11:31:52 AM.
     1>Project "C:\Documents and Settings\Administrator\Desktop\CameraRepositioning\CameraRepositioning\CameraRepositioning\CameraRepositioning.vcxproj" on node 2 (build target(s)).
     1>InitializeBuildStatus:
         Touching "Debug\CameraRepositioning.unsuccessfulbuild".
       GenerateTargetFrameworkMonikerAttribute:
       Skipping target "GenerateTargetFrameworkMonikerAttribute" because all output files are up-to-date with respect to the input files.
       ClCompile:
         All outputs are up-to-date.
         All outputs are up-to-date.
         All outputs are up-to-date.
       ResourceCompile:
         All outputs are up-to-date.
       Link:
         c:\Program Files\Microsoft Visual Studio 10.0\VC\bin\link.exe /ERRORREPORT:PROMPT /OUT:"C:\Documents and Settings\Administrator\Desktop\CameraRepositioning\CameraRepositioning\Debug\CameraRepositioning.exe" /INCREMENTAL /NOLOGO /LIBPATH:.\Lib /LIBPATH:"C:\Program Files\Prime Sense\NITE\Lib" /LIBPATH:"C:\Program Files\OpenNI\Lib" OpenNI.lib XnVNite.lib user32.lib /NODEFAULTLIB:libcmtd.lib /NODEFAULTLIB:libcmt.lib /NODEFAULTLIB:libc.lib /NODEFAULTLIB:libcd.lib /MANIFEST /ManifestFile:"Debug\CameraRepositioning.exe.intermediate.manifest" /MANIFESTUAC:"level='asInvoker' uiAccess='false'" /DEBUG /PDB:"C:\Documents and Settings\Administrator\Desktop\CameraRepositioning\CameraRepositioning\Debug\CameraRepositioning.pdb" /ASSEMBLYDEBUG /TLBID:1 /ENTRY:"wWinMainCRTStartup" /DYNAMICBASE /FIXED:NO /NXCOMPAT /MACHINE:X86 Debug\app.res
         Debug\AssemblyInfo.obj
         Debug\CameraRepositioning.obj
         Debug\stdafx.obj
         "Debug\.NETFramework,Version=v4.0.AssemblyAttributes.obj" DllEntryPoint@12
         
          
     1>LINK : fatal error LNK1104: cannot open file 'DllEntryPoint@12.obj'
     1>Done Building Project "C:\Documents and Settings\Administrator\Desktop\CameraRepositioning\CameraRepositioning\CameraRepositioning\CameraRepositioning.vcxproj" (build target(s)) -- FAILED.

Build FAILED.

Time Elapsed 00:00:01.14
